debug: Wed, 29 Sep 2021 06:47:56 GMT
debug: Project: D:\Office\Sumo
debug: Targets: editor,preview
debug: Incremental file seems great.
debug: Engine path: C:\CocosDashboard_1.0.14\resources\.editors\Creator\3.3.1\resources\resources\3d\engine
debug: Initializing target [Editor]
debug: Loading cache
debug: Loading cache costs 1.4759999811649323ms.
debug: Engine features shipped in editor: base,gfx-webgl,gfx-webgl2,3d,2d,ui,particle,particle-2d,physics-framework,physics-2d-framework,intersection-2d,primitive,profiler,audio,video,terrain,webview,tween,tiled-map,spine,dragon-bones
debug: Initializing target [Preview]
debug: Loading cache
debug: Loading cache costs 1.3830000162124634ms.
debug: Sync engine features: base,gfx-webgl,gfx-webgl2,3d,2d,ui,particle,physics-ammo,physics-2d-box2d,intersection-2d,primitive,profiler,particle-2d,audio,video,webview,tween,terrain,tiled-map,spine,dragon-bones
debug: Pulling asset-db.
debug: Fetch asset-db cost: 18.86250001192093ms.
debug: Build iteration starts.
Number of accumulated asset changes: 6
Feature changed: false
debug: Target(editor) build started.
debug: Detected change: cce:/internal/x/cc. Last mtime: Thu Jan 01 1970 05:30:07 GMT+0530 (India Standard Time), Current mtime: Thu Jan 01 1970 05:30:07 GMT+0530 (India Standard Time)
debug: Inspect cce:/internal/x/cc
debug: Resolve cce:/internal/x/cc-fu/base from cce:/internal/x/cc as external dependency cce:/internal/x/cc-fu/base.
debug: Resolve cce:/internal/x/cc-fu/gfx-webgl from cce:/internal/x/cc as external dependency cce:/internal/x/cc-fu/gfx-webgl.
debug: Resolve cce:/internal/x/cc-fu/gfx-webgl2 from cce:/internal/x/cc as external dependency cce:/internal/x/cc-fu/gfx-webgl2.
debug: Resolve cce:/internal/x/cc-fu/3d from cce:/internal/x/cc as external dependency cce:/internal/x/cc-fu/3d.
debug: Resolve cce:/internal/x/cc-fu/2d from cce:/internal/x/cc as external dependency cce:/internal/x/cc-fu/2d.
debug: Resolve cce:/internal/x/cc-fu/ui from cce:/internal/x/cc as external dependency cce:/internal/x/cc-fu/ui.
debug: Resolve cce:/internal/x/cc-fu/particle from cce:/internal/x/cc as external dependency cce:/internal/x/cc-fu/particle.
debug: Resolve cce:/internal/x/cc-fu/particle-2d from cce:/internal/x/cc as external dependency cce:/internal/x/cc-fu/particle-2d.
debug: Resolve cce:/internal/x/cc-fu/physics-framework from cce:/internal/x/cc as external dependency cce:/internal/x/cc-fu/physics-framework.
debug: Resolve cce:/internal/x/cc-fu/physics-2d-framework from cce:/internal/x/cc as external dependency cce:/internal/x/cc-fu/physics-2d-framework.
debug: Resolve cce:/internal/x/cc-fu/intersection-2d from cce:/internal/x/cc as external dependency cce:/internal/x/cc-fu/intersection-2d.
debug: Resolve cce:/internal/x/cc-fu/primitive from cce:/internal/x/cc as external dependency cce:/internal/x/cc-fu/primitive.
debug: Resolve cce:/internal/x/cc-fu/profiler from cce:/internal/x/cc as external dependency cce:/internal/x/cc-fu/profiler.
debug: Resolve cce:/internal/x/cc-fu/audio from cce:/internal/x/cc as external dependency cce:/internal/x/cc-fu/audio.
debug: Resolve cce:/internal/x/cc-fu/video from cce:/internal/x/cc as external dependency cce:/internal/x/cc-fu/video.
debug: Resolve cce:/internal/x/cc-fu/terrain from cce:/internal/x/cc as external dependency cce:/internal/x/cc-fu/terrain.
debug: Resolve cce:/internal/x/cc-fu/webview from cce:/internal/x/cc as external dependency cce:/internal/x/cc-fu/webview.
debug: Resolve cce:/internal/x/cc-fu/tween from cce:/internal/x/cc as external dependency cce:/internal/x/cc-fu/tween.
debug: Resolve cce:/internal/x/cc-fu/tiled-map from cce:/internal/x/cc as external dependency cce:/internal/x/cc-fu/tiled-map.
debug: Resolve cce:/internal/x/cc-fu/spine from cce:/internal/x/cc as external dependency cce:/internal/x/cc-fu/spine.
debug: Resolve cce:/internal/x/cc-fu/dragon-bones from cce:/internal/x/cc as external dependency cce:/internal/x/cc-fu/dragon-bones.
debug: Detected change: cce:/internal/x/prerequisite-imports. Last mtime: Thu Jan 01 1970 12:58:49 GMT+0530 (India Standard Time), Current mtime: Thu Jan 01 1970 05:30:16 GMT+0530 (India Standard Time)
debug: Inspect cce:/internal/x/prerequisite-imports
debug: Resolve file:///D:/Office/Sumo/assets/Script/Bot.ts from cce:/internal/x/prerequisite-imports as file:///D:/Office/Sumo/assets/Script/Bot.ts.
debug: Resolve file:///D:/Office/Sumo/assets/Script/Menu.ts from cce:/internal/x/prerequisite-imports as file:///D:/Office/Sumo/assets/Script/Menu.ts.
debug: Resolve file:///D:/Office/Sumo/assets/Script/GameUIController.ts from cce:/internal/x/prerequisite-imports as file:///D:/Office/Sumo/assets/Script/GameUIController.ts.
debug: Resolve file:///D:/Office/Sumo/assets/Script/MenuController.ts from cce:/internal/x/prerequisite-imports as file:///D:/Office/Sumo/assets/Script/MenuController.ts.
debug: Resolve file:///D:/Office/Sumo/assets/Script/Player.ts from cce:/internal/x/prerequisite-imports as file:///D:/Office/Sumo/assets/Script/Player.ts.
debug: Resolve file:///D:/Office/Sumo/assets/Script/Sumo.ts from cce:/internal/x/prerequisite-imports as file:///D:/Office/Sumo/assets/Script/Sumo.ts.
debug: Inspect file:///D:/Office/Sumo/assets/Script/Bot.ts
debug: Inspect file:///D:/Office/Sumo/assets/Script/Menu.ts
debug: Inspect file:///D:/Office/Sumo/assets/Script/GameUIController.ts
debug: Inspect file:///D:/Office/Sumo/assets/Script/MenuController.ts
debug: Inspect file:///D:/Office/Sumo/assets/Script/Player.ts
debug: Inspect file:///D:/Office/Sumo/assets/Script/Sumo.ts
debug: Resolve cc from file:///D:/Office/Sumo/assets/Script/GameUIController.ts as cce:/internal/x/cc.
debug: Resolve cc from file:///D:/Office/Sumo/assets/Script/GameUIController.ts as cce:/internal/x/cc.
debug: Resolve cc from file:///D:/Office/Sumo/assets/Script/MenuController.ts as cce:/internal/x/cc.
debug: Resolve cc from file:///D:/Office/Sumo/assets/Script/MenuController.ts as cce:/internal/x/cc.
debug: Resolve cc from file:///D:/Office/Sumo/assets/Script/Menu.ts as cce:/internal/x/cc.
debug: Resolve cc from file:///D:/Office/Sumo/assets/Script/Menu.ts as cce:/internal/x/cc.
debug: Resolve cc from file:///D:/Office/Sumo/assets/Script/Player.ts as cce:/internal/x/cc.
debug: Resolve cc from file:///D:/Office/Sumo/assets/Script/Player.ts as cce:/internal/x/cc.
debug: Resolve cc from file:///D:/Office/Sumo/assets/Script/Sumo.ts as cce:/internal/x/cc.
debug: Resolve cc from file:///D:/Office/Sumo/assets/Script/Sumo.ts as cce:/internal/x/cc.
debug: Resolve cc from file:///D:/Office/Sumo/assets/Script/Bot.ts as cce:/internal/x/cc.
debug: Resolve cc from file:///D:/Office/Sumo/assets/Script/Bot.ts as cce:/internal/x/cc.
debug: Target(editor) ends with cost 567.0495000183582ms.
debug: Target(preview) build started.
debug: Detected change: cce:/internal/x/cc. Last mtime: Thu Jan 01 1970 05:30:07 GMT+0530 (India Standard Time), Current mtime: Thu Jan 01 1970 05:30:07 GMT+0530 (India Standard Time)
debug: Inspect cce:/internal/x/cc
debug: Resolve cce:/internal/x/cc-fu/base from cce:/internal/x/cc as external dependency cce:/internal/x/cc-fu/base.
debug: Resolve cce:/internal/x/cc-fu/gfx-webgl from cce:/internal/x/cc as external dependency cce:/internal/x/cc-fu/gfx-webgl.
debug: Resolve cce:/internal/x/cc-fu/gfx-webgl2 from cce:/internal/x/cc as external dependency cce:/internal/x/cc-fu/gfx-webgl2.
debug: Resolve cce:/internal/x/cc-fu/3d from cce:/internal/x/cc as external dependency cce:/internal/x/cc-fu/3d.
debug: Resolve cce:/internal/x/cc-fu/2d from cce:/internal/x/cc as external dependency cce:/internal/x/cc-fu/2d.
debug: Resolve cce:/internal/x/cc-fu/ui from cce:/internal/x/cc as external dependency cce:/internal/x/cc-fu/ui.
debug: Resolve cce:/internal/x/cc-fu/particle from cce:/internal/x/cc as external dependency cce:/internal/x/cc-fu/particle.
debug: Resolve cce:/internal/x/cc-fu/physics-ammo from cce:/internal/x/cc as external dependency cce:/internal/x/cc-fu/physics-ammo.
debug: Resolve cce:/internal/x/cc-fu/physics-framework from cce:/internal/x/cc as external dependency cce:/internal/x/cc-fu/physics-framework.
debug: Resolve cce:/internal/x/cc-fu/wait-for-ammo-instantiation from cce:/internal/x/cc as external dependency cce:/internal/x/cc-fu/wait-for-ammo-instantiation.
debug: Resolve cce:/internal/x/cc-fu/physics-2d-box2d from cce:/internal/x/cc as external dependency cce:/internal/x/cc-fu/physics-2d-box2d.
debug: Resolve cce:/internal/x/cc-fu/physics-2d-framework from cce:/internal/x/cc as external dependency cce:/internal/x/cc-fu/physics-2d-framework.
debug: Resolve cce:/internal/x/cc-fu/intersection-2d from cce:/internal/x/cc as external dependency cce:/internal/x/cc-fu/intersection-2d.
debug: Resolve cce:/internal/x/cc-fu/primitive from cce:/internal/x/cc as external dependency cce:/internal/x/cc-fu/primitive.
debug: Resolve cce:/internal/x/cc-fu/profiler from cce:/internal/x/cc as external dependency cce:/internal/x/cc-fu/profiler.
debug: Resolve cce:/internal/x/cc-fu/particle-2d from cce:/internal/x/cc as external dependency cce:/internal/x/cc-fu/particle-2d.
debug: Resolve cce:/internal/x/cc-fu/audio from cce:/internal/x/cc as external dependency cce:/internal/x/cc-fu/audio.
debug: Resolve cce:/internal/x/cc-fu/video from cce:/internal/x/cc as external dependency cce:/internal/x/cc-fu/video.
debug: Resolve cce:/internal/x/cc-fu/webview from cce:/internal/x/cc as external dependency cce:/internal/x/cc-fu/webview.
debug: Resolve cce:/internal/x/cc-fu/tween from cce:/internal/x/cc as external dependency cce:/internal/x/cc-fu/tween.
debug: Resolve cce:/internal/x/cc-fu/terrain from cce:/internal/x/cc as external dependency cce:/internal/x/cc-fu/terrain.
debug: Resolve cce:/internal/x/cc-fu/tiled-map from cce:/internal/x/cc as external dependency cce:/internal/x/cc-fu/tiled-map.
debug: Resolve cce:/internal/x/cc-fu/spine from cce:/internal/x/cc as external dependency cce:/internal/x/cc-fu/spine.
debug: Resolve cce:/internal/x/cc-fu/dragon-bones from cce:/internal/x/cc as external dependency cce:/internal/x/cc-fu/dragon-bones.
debug: Detected change: cce:/internal/x/prerequisite-imports. Last mtime: Thu Jan 01 1970 12:58:49 GMT+0530 (India Standard Time), Current mtime: Thu Jan 01 1970 05:30:16 GMT+0530 (India Standard Time)
debug: Inspect cce:/internal/x/prerequisite-imports
debug: Resolve file:///D:/Office/Sumo/assets/Script/Bot.ts from cce:/internal/x/prerequisite-imports as file:///D:/Office/Sumo/assets/Script/Bot.ts.
debug: Resolve file:///D:/Office/Sumo/assets/Script/GameUIController.ts from cce:/internal/x/prerequisite-imports as file:///D:/Office/Sumo/assets/Script/GameUIController.ts.
debug: Resolve file:///D:/Office/Sumo/assets/Script/Menu.ts from cce:/internal/x/prerequisite-imports as file:///D:/Office/Sumo/assets/Script/Menu.ts.
debug: Resolve file:///D:/Office/Sumo/assets/Script/MenuController.ts from cce:/internal/x/prerequisite-imports as file:///D:/Office/Sumo/assets/Script/MenuController.ts.
debug: Resolve file:///D:/Office/Sumo/assets/Script/Player.ts from cce:/internal/x/prerequisite-imports as file:///D:/Office/Sumo/assets/Script/Player.ts.
debug: Resolve file:///D:/Office/Sumo/assets/Script/Sumo.ts from cce:/internal/x/prerequisite-imports as file:///D:/Office/Sumo/assets/Script/Sumo.ts.
debug: Inspect file:///D:/Office/Sumo/assets/Script/Bot.ts
debug: Inspect file:///D:/Office/Sumo/assets/Script/GameUIController.ts
debug: Inspect file:///D:/Office/Sumo/assets/Script/Menu.ts
debug: Inspect file:///D:/Office/Sumo/assets/Script/MenuController.ts
debug: Inspect file:///D:/Office/Sumo/assets/Script/Player.ts
debug: Inspect file:///D:/Office/Sumo/assets/Script/Sumo.ts
debug: Resolve cc from file:///D:/Office/Sumo/assets/Script/Bot.ts as cce:/internal/x/cc.
debug: Resolve cc from file:///D:/Office/Sumo/assets/Script/Bot.ts as cce:/internal/x/cc.
debug: Resolve cc from file:///D:/Office/Sumo/assets/Script/GameUIController.ts as cce:/internal/x/cc.
debug: Resolve cc from file:///D:/Office/Sumo/assets/Script/GameUIController.ts as cce:/internal/x/cc.
debug: Resolve cc from file:///D:/Office/Sumo/assets/Script/Player.ts as cce:/internal/x/cc.
debug: Resolve cc from file:///D:/Office/Sumo/assets/Script/Player.ts as cce:/internal/x/cc.
debug: Resolve cc from file:///D:/Office/Sumo/assets/Script/Sumo.ts as cce:/internal/x/cc.
debug: Resolve cc from file:///D:/Office/Sumo/assets/Script/Sumo.ts as cce:/internal/x/cc.
debug: Resolve cc from file:///D:/Office/Sumo/assets/Script/MenuController.ts as cce:/internal/x/cc.
debug: Resolve cc from file:///D:/Office/Sumo/assets/Script/MenuController.ts as cce:/internal/x/cc.
debug: Resolve cc from file:///D:/Office/Sumo/assets/Script/Menu.ts as cce:/internal/x/cc.
debug: Resolve cc from file:///D:/Office/Sumo/assets/Script/Menu.ts as cce:/internal/x/cc.
debug: Target(preview) ends with cost 406.857499986887ms.
debug: Dispatch build request for time accumulated 1 asset changes.
debug: Build iteration starts.
Number of accumulated asset changes: 1
Feature changed: false
debug: Target(editor) build started.
debug: Detected change: cce:/internal/x/prerequisite-imports. Last mtime: Thu Jan 01 1970 05:30:16 GMT+0530 (India Standard Time), Current mtime: Thu Jan 01 1970 05:46:59 GMT+0530 (India Standard Time)
debug: Inspect cce:/internal/x/prerequisite-imports
debug: Resolve file:///D:/Office/Sumo/assets/Script/Bot.ts from cce:/internal/x/prerequisite-imports as file:///D:/Office/Sumo/assets/Script/Bot.ts.
debug: Resolve file:///D:/Office/Sumo/assets/Script/GameUIController.ts from cce:/internal/x/prerequisite-imports as file:///D:/Office/Sumo/assets/Script/GameUIController.ts.
debug: Resolve file:///D:/Office/Sumo/assets/Script/Menu.ts from cce:/internal/x/prerequisite-imports as file:///D:/Office/Sumo/assets/Script/Menu.ts.
debug: Resolve file:///D:/Office/Sumo/assets/Script/MenuController.ts from cce:/internal/x/prerequisite-imports as file:///D:/Office/Sumo/assets/Script/MenuController.ts.
debug: Resolve file:///D:/Office/Sumo/assets/Script/Player.ts from cce:/internal/x/prerequisite-imports as file:///D:/Office/Sumo/assets/Script/Player.ts.
debug: Resolve file:///D:/Office/Sumo/assets/Script/Sumo.ts from cce:/internal/x/prerequisite-imports as file:///D:/Office/Sumo/assets/Script/Sumo.ts.
debug: Detected change: file:///D:/Office/Sumo/assets/Script/Player.ts. Last mtime: Wed Sep 29 2021 12:17:06 GMT+0530 (India Standard Time), Current mtime: Wed Sep 29 2021 12:34:46 GMT+0530 (India Standard Time)
debug: Inspect file:///D:/Office/Sumo/assets/Script/Player.ts
debug: Resolve cc from file:///D:/Office/Sumo/assets/Script/Player.ts as cce:/internal/x/cc.
debug: Resolve cc from file:///D:/Office/Sumo/assets/Script/Player.ts as cce:/internal/x/cc.
debug: Target(editor) ends with cost 138.8342000246048ms.
debug: Target(preview) build started.
debug: Detected change: cce:/internal/x/prerequisite-imports. Last mtime: Thu Jan 01 1970 05:30:16 GMT+0530 (India Standard Time), Current mtime: Thu Jan 01 1970 05:46:59 GMT+0530 (India Standard Time)
debug: Inspect cce:/internal/x/prerequisite-imports
debug: Resolve file:///D:/Office/Sumo/assets/Script/Bot.ts from cce:/internal/x/prerequisite-imports as file:///D:/Office/Sumo/assets/Script/Bot.ts.
debug: Resolve file:///D:/Office/Sumo/assets/Script/GameUIController.ts from cce:/internal/x/prerequisite-imports as file:///D:/Office/Sumo/assets/Script/GameUIController.ts.
debug: Resolve file:///D:/Office/Sumo/assets/Script/Menu.ts from cce:/internal/x/prerequisite-imports as file:///D:/Office/Sumo/assets/Script/Menu.ts.
debug: Resolve file:///D:/Office/Sumo/assets/Script/MenuController.ts from cce:/internal/x/prerequisite-imports as file:///D:/Office/Sumo/assets/Script/MenuController.ts.
debug: Resolve file:///D:/Office/Sumo/assets/Script/Player.ts from cce:/internal/x/prerequisite-imports as file:///D:/Office/Sumo/assets/Script/Player.ts.
debug: Resolve file:///D:/Office/Sumo/assets/Script/Sumo.ts from cce:/internal/x/prerequisite-imports as file:///D:/Office/Sumo/assets/Script/Sumo.ts.
debug: Detected change: file:///D:/Office/Sumo/assets/Script/Player.ts. Last mtime: Wed Sep 29 2021 12:17:06 GMT+0530 (India Standard Time), Current mtime: Wed Sep 29 2021 12:34:46 GMT+0530 (India Standard Time)
debug: Inspect file:///D:/Office/Sumo/assets/Script/Player.ts
debug: Resolve cc from file:///D:/Office/Sumo/assets/Script/Player.ts as cce:/internal/x/cc.
debug: Resolve cc from file:///D:/Office/Sumo/assets/Script/Player.ts as cce:/internal/x/cc.
debug: Target(preview) ends with cost 139.29230001568794ms.
debug: Dispatch build request for time accumulated 1 asset changes.
debug: Build iteration starts.
Number of accumulated asset changes: 1
Feature changed: false
debug: Target(editor) build started.
debug: Detected change: cce:/internal/x/prerequisite-imports. Last mtime: Thu Jan 01 1970 05:46:59 GMT+0530 (India Standard Time), Current mtime: Thu Jan 01 1970 05:49:21 GMT+0530 (India Standard Time)
debug: Inspect cce:/internal/x/prerequisite-imports
debug: Resolve file:///D:/Office/Sumo/assets/Script/Bot.ts from cce:/internal/x/prerequisite-imports as file:///D:/Office/Sumo/assets/Script/Bot.ts.
debug: Resolve file:///D:/Office/Sumo/assets/Script/Menu.ts from cce:/internal/x/prerequisite-imports as file:///D:/Office/Sumo/assets/Script/Menu.ts.
debug: Resolve file:///D:/Office/Sumo/assets/Script/GameUIController.ts from cce:/internal/x/prerequisite-imports as file:///D:/Office/Sumo/assets/Script/GameUIController.ts.
debug: Resolve file:///D:/Office/Sumo/assets/Script/Player.ts from cce:/internal/x/prerequisite-imports as file:///D:/Office/Sumo/assets/Script/Player.ts.
debug: Resolve file:///D:/Office/Sumo/assets/Script/Sumo.ts from cce:/internal/x/prerequisite-imports as file:///D:/Office/Sumo/assets/Script/Sumo.ts.
debug: Resolve file:///D:/Office/Sumo/assets/Script/MenuController.ts from cce:/internal/x/prerequisite-imports as file:///D:/Office/Sumo/assets/Script/MenuController.ts.
debug: Detected change: file:///D:/Office/Sumo/assets/Script/Player.ts. Last mtime: Wed Sep 29 2021 12:34:46 GMT+0530 (India Standard Time), Current mtime: Wed Sep 29 2021 12:36:58 GMT+0530 (India Standard Time)
debug: Inspect file:///D:/Office/Sumo/assets/Script/Player.ts
debug: Resolve cc from file:///D:/Office/Sumo/assets/Script/Player.ts as cce:/internal/x/cc.
debug: Resolve cc from file:///D:/Office/Sumo/assets/Script/Player.ts as cce:/internal/x/cc.
debug: Target(editor) ends with cost 114.77709999680519ms.
debug: Target(preview) build started.
debug: Detected change: cce:/internal/x/prerequisite-imports. Last mtime: Thu Jan 01 1970 05:46:59 GMT+0530 (India Standard Time), Current mtime: Thu Jan 01 1970 05:49:21 GMT+0530 (India Standard Time)
debug: Inspect cce:/internal/x/prerequisite-imports
debug: Resolve file:///D:/Office/Sumo/assets/Script/Bot.ts from cce:/internal/x/prerequisite-imports as file:///D:/Office/Sumo/assets/Script/Bot.ts.
debug: Resolve file:///D:/Office/Sumo/assets/Script/GameUIController.ts from cce:/internal/x/prerequisite-imports as file:///D:/Office/Sumo/assets/Script/GameUIController.ts.
debug: Resolve file:///D:/Office/Sumo/assets/Script/Menu.ts from cce:/internal/x/prerequisite-imports as file:///D:/Office/Sumo/assets/Script/Menu.ts.
debug: Resolve file:///D:/Office/Sumo/assets/Script/MenuController.ts from cce:/internal/x/prerequisite-imports as file:///D:/Office/Sumo/assets/Script/MenuController.ts.
debug: Resolve file:///D:/Office/Sumo/assets/Script/Player.ts from cce:/internal/x/prerequisite-imports as file:///D:/Office/Sumo/assets/Script/Player.ts.
debug: Resolve file:///D:/Office/Sumo/assets/Script/Sumo.ts from cce:/internal/x/prerequisite-imports as file:///D:/Office/Sumo/assets/Script/Sumo.ts.
debug: Detected change: file:///D:/Office/Sumo/assets/Script/Player.ts. Last mtime: Wed Sep 29 2021 12:34:46 GMT+0530 (India Standard Time), Current mtime: Wed Sep 29 2021 12:36:58 GMT+0530 (India Standard Time)
debug: Inspect file:///D:/Office/Sumo/assets/Script/Player.ts
debug: Resolve cc from file:///D:/Office/Sumo/assets/Script/Player.ts as cce:/internal/x/cc.
debug: Resolve cc from file:///D:/Office/Sumo/assets/Script/Player.ts as cce:/internal/x/cc.
debug: Target(preview) ends with cost 142.0106999874115ms.
debug: Dispatch build request for time accumulated 1 asset changes.
debug: Build iteration starts.
Number of accumulated asset changes: 1
Feature changed: false
debug: Target(editor) build started.
debug: Detected change: cce:/internal/x/prerequisite-imports. Last mtime: Thu Jan 01 1970 05:49:21 GMT+0530 (India Standard Time), Current mtime: Thu Jan 01 1970 07:28:57 GMT+0530 (India Standard Time)
debug: Inspect cce:/internal/x/prerequisite-imports
debug: Resolve file:///D:/Office/Sumo/assets/Script/Bot.ts from cce:/internal/x/prerequisite-imports as file:///D:/Office/Sumo/assets/Script/Bot.ts.
debug: Resolve file:///D:/Office/Sumo/assets/Script/GameUIController.ts from cce:/internal/x/prerequisite-imports as file:///D:/Office/Sumo/assets/Script/GameUIController.ts.
debug: Resolve file:///D:/Office/Sumo/assets/Script/Menu.ts from cce:/internal/x/prerequisite-imports as file:///D:/Office/Sumo/assets/Script/Menu.ts.
debug: Resolve file:///D:/Office/Sumo/assets/Script/MenuController.ts from cce:/internal/x/prerequisite-imports as file:///D:/Office/Sumo/assets/Script/MenuController.ts.
debug: Resolve file:///D:/Office/Sumo/assets/Script/Player.ts from cce:/internal/x/prerequisite-imports as file:///D:/Office/Sumo/assets/Script/Player.ts.
debug: Resolve file:///D:/Office/Sumo/assets/Script/Sumo.ts from cce:/internal/x/prerequisite-imports as file:///D:/Office/Sumo/assets/Script/Sumo.ts.
debug: Detected change: file:///D:/Office/Sumo/assets/Script/GameUIController.ts. Last mtime: Wed Sep 29 2021 12:17:06 GMT+0530 (India Standard Time), Current mtime: Wed Sep 29 2021 14:16:27 GMT+0530 (India Standard Time)
debug: Inspect file:///D:/Office/Sumo/assets/Script/GameUIController.ts
debug: Resolve cc from file:///D:/Office/Sumo/assets/Script/GameUIController.ts as cce:/internal/x/cc.
debug: Resolve cc from file:///D:/Office/Sumo/assets/Script/GameUIController.ts as cce:/internal/x/cc.
debug: Target(editor) ends with cost 136.95080000162125ms.
debug: Target(preview) build started.
debug: Detected change: cce:/internal/x/prerequisite-imports. Last mtime: Thu Jan 01 1970 05:49:21 GMT+0530 (India Standard Time), Current mtime: Thu Jan 01 1970 07:28:57 GMT+0530 (India Standard Time)
debug: Inspect cce:/internal/x/prerequisite-imports
debug: Resolve file:///D:/Office/Sumo/assets/Script/Bot.ts from cce:/internal/x/prerequisite-imports as file:///D:/Office/Sumo/assets/Script/Bot.ts.
debug: Resolve file:///D:/Office/Sumo/assets/Script/Menu.ts from cce:/internal/x/prerequisite-imports as file:///D:/Office/Sumo/assets/Script/Menu.ts.
debug: Resolve file:///D:/Office/Sumo/assets/Script/GameUIController.ts from cce:/internal/x/prerequisite-imports as file:///D:/Office/Sumo/assets/Script/GameUIController.ts.
debug: Resolve file:///D:/Office/Sumo/assets/Script/MenuController.ts from cce:/internal/x/prerequisite-imports as file:///D:/Office/Sumo/assets/Script/MenuController.ts.
debug: Resolve file:///D:/Office/Sumo/assets/Script/Sumo.ts from cce:/internal/x/prerequisite-imports as file:///D:/Office/Sumo/assets/Script/Sumo.ts.
debug: Resolve file:///D:/Office/Sumo/assets/Script/Player.ts from cce:/internal/x/prerequisite-imports as file:///D:/Office/Sumo/assets/Script/Player.ts.
debug: Detected change: file:///D:/Office/Sumo/assets/Script/GameUIController.ts. Last mtime: Wed Sep 29 2021 12:17:06 GMT+0530 (India Standard Time), Current mtime: Wed Sep 29 2021 14:16:27 GMT+0530 (India Standard Time)
debug: Inspect file:///D:/Office/Sumo/assets/Script/GameUIController.ts
debug: Resolve cc from file:///D:/Office/Sumo/assets/Script/GameUIController.ts as cce:/internal/x/cc.
debug: Resolve cc from file:///D:/Office/Sumo/assets/Script/GameUIController.ts as cce:/internal/x/cc.
debug: Target(preview) ends with cost 158.78960001468658ms.
debug: Dispatch build request for time accumulated 1 asset changes.
debug: Build iteration starts.
Number of accumulated asset changes: 1
Feature changed: false
debug: Target(editor) build started.
debug: Detected change: cce:/internal/x/prerequisite-imports. Last mtime: Thu Jan 01 1970 07:28:57 GMT+0530 (India Standard Time), Current mtime: Thu Jan 01 1970 07:29:14 GMT+0530 (India Standard Time)
debug: Inspect cce:/internal/x/prerequisite-imports
debug: Resolve file:///D:/Office/Sumo/assets/Script/GameUIController.ts from cce:/internal/x/prerequisite-imports as file:///D:/Office/Sumo/assets/Script/GameUIController.ts.
debug: Resolve file:///D:/Office/Sumo/assets/Script/Bot.ts from cce:/internal/x/prerequisite-imports as file:///D:/Office/Sumo/assets/Script/Bot.ts.
debug: Resolve file:///D:/Office/Sumo/assets/Script/Menu.ts from cce:/internal/x/prerequisite-imports as file:///D:/Office/Sumo/assets/Script/Menu.ts.
debug: Resolve file:///D:/Office/Sumo/assets/Script/Player.ts from cce:/internal/x/prerequisite-imports as file:///D:/Office/Sumo/assets/Script/Player.ts.
debug: Resolve file:///D:/Office/Sumo/assets/Script/MenuController.ts from cce:/internal/x/prerequisite-imports as file:///D:/Office/Sumo/assets/Script/MenuController.ts.
debug: Resolve file:///D:/Office/Sumo/assets/Script/Sumo.ts from cce:/internal/x/prerequisite-imports as file:///D:/Office/Sumo/assets/Script/Sumo.ts.
debug: Detected change: file:///D:/Office/Sumo/assets/Script/GameUIController.ts. Last mtime: Wed Sep 29 2021 14:16:27 GMT+0530 (India Standard Time), Current mtime: Wed Sep 29 2021 14:17:03 GMT+0530 (India Standard Time)
debug: Inspect file:///D:/Office/Sumo/assets/Script/GameUIController.ts
debug: Resolve cc from file:///D:/Office/Sumo/assets/Script/GameUIController.ts as cce:/internal/x/cc.
debug: Resolve cc from file:///D:/Office/Sumo/assets/Script/GameUIController.ts as cce:/internal/x/cc.
debug: Target(editor) ends with cost 88.94909998774529ms.
debug: Target(preview) build started.
debug: Detected change: cce:/internal/x/prerequisite-imports. Last mtime: Thu Jan 01 1970 07:28:57 GMT+0530 (India Standard Time), Current mtime: Thu Jan 01 1970 07:29:14 GMT+0530 (India Standard Time)
debug: Inspect cce:/internal/x/prerequisite-imports
debug: Resolve file:///D:/Office/Sumo/assets/Script/Bot.ts from cce:/internal/x/prerequisite-imports as file:///D:/Office/Sumo/assets/Script/Bot.ts.
debug: Resolve file:///D:/Office/Sumo/assets/Script/GameUIController.ts from cce:/internal/x/prerequisite-imports as file:///D:/Office/Sumo/assets/Script/GameUIController.ts.
debug: Resolve file:///D:/Office/Sumo/assets/Script/Menu.ts from cce:/internal/x/prerequisite-imports as file:///D:/Office/Sumo/assets/Script/Menu.ts.
debug: Resolve file:///D:/Office/Sumo/assets/Script/MenuController.ts from cce:/internal/x/prerequisite-imports as file:///D:/Office/Sumo/assets/Script/MenuController.ts.
debug: Resolve file:///D:/Office/Sumo/assets/Script/Player.ts from cce:/internal/x/prerequisite-imports as file:///D:/Office/Sumo/assets/Script/Player.ts.
debug: Resolve file:///D:/Office/Sumo/assets/Script/Sumo.ts from cce:/internal/x/prerequisite-imports as file:///D:/Office/Sumo/assets/Script/Sumo.ts.
debug: Detected change: file:///D:/Office/Sumo/assets/Script/GameUIController.ts. Last mtime: Wed Sep 29 2021 14:16:27 GMT+0530 (India Standard Time), Current mtime: Wed Sep 29 2021 14:17:03 GMT+0530 (India Standard Time)
debug: Inspect file:///D:/Office/Sumo/assets/Script/GameUIController.ts
debug: Resolve cc from file:///D:/Office/Sumo/assets/Script/GameUIController.ts as cce:/internal/x/cc.
debug: Resolve cc from file:///D:/Office/Sumo/assets/Script/GameUIController.ts as cce:/internal/x/cc.
debug: Target(preview) ends with cost 126.74939998984337ms.
debug: Dispatch build request for time accumulated 1 asset changes.
debug: Build iteration starts.
Number of accumulated asset changes: 1
Feature changed: false
debug: Target(editor) build started.
debug: Detected change: cce:/internal/x/prerequisite-imports. Last mtime: Thu Jan 01 1970 07:29:14 GMT+0530 (India Standard Time), Current mtime: Thu Jan 01 1970 07:30:16 GMT+0530 (India Standard Time)
debug: Inspect cce:/internal/x/prerequisite-imports
debug: Resolve file:///D:/Office/Sumo/assets/Script/Bot.ts from cce:/internal/x/prerequisite-imports as file:///D:/Office/Sumo/assets/Script/Bot.ts.
debug: Resolve file:///D:/Office/Sumo/assets/Script/GameUIController.ts from cce:/internal/x/prerequisite-imports as file:///D:/Office/Sumo/assets/Script/GameUIController.ts.
debug: Resolve file:///D:/Office/Sumo/assets/Script/Menu.ts from cce:/internal/x/prerequisite-imports as file:///D:/Office/Sumo/assets/Script/Menu.ts.
debug: Resolve file:///D:/Office/Sumo/assets/Script/MenuController.ts from cce:/internal/x/prerequisite-imports as file:///D:/Office/Sumo/assets/Script/MenuController.ts.
debug: Resolve file:///D:/Office/Sumo/assets/Script/Player.ts from cce:/internal/x/prerequisite-imports as file:///D:/Office/Sumo/assets/Script/Player.ts.
debug: Resolve file:///D:/Office/Sumo/assets/Script/Sumo.ts from cce:/internal/x/prerequisite-imports as file:///D:/Office/Sumo/assets/Script/Sumo.ts.
debug: Detected change: file:///D:/Office/Sumo/assets/Script/GameUIController.ts. Last mtime: Wed Sep 29 2021 14:17:03 GMT+0530 (India Standard Time), Current mtime: Wed Sep 29 2021 14:18:02 GMT+0530 (India Standard Time)
debug: Inspect file:///D:/Office/Sumo/assets/Script/GameUIController.ts
debug: Resolve cc from file:///D:/Office/Sumo/assets/Script/GameUIController.ts as cce:/internal/x/cc.
debug: Resolve cc from file:///D:/Office/Sumo/assets/Script/GameUIController.ts as cce:/internal/x/cc.
debug: Target(editor) ends with cost 73.54870000481606ms.
debug: Target(preview) build started.
debug: Detected change: cce:/internal/x/prerequisite-imports. Last mtime: Thu Jan 01 1970 07:29:14 GMT+0530 (India Standard Time), Current mtime: Thu Jan 01 1970 07:30:16 GMT+0530 (India Standard Time)
debug: Inspect cce:/internal/x/prerequisite-imports
debug: Resolve file:///D:/Office/Sumo/assets/Script/Bot.ts from cce:/internal/x/prerequisite-imports as file:///D:/Office/Sumo/assets/Script/Bot.ts.
debug: Resolve file:///D:/Office/Sumo/assets/Script/GameUIController.ts from cce:/internal/x/prerequisite-imports as file:///D:/Office/Sumo/assets/Script/GameUIController.ts.
debug: Resolve file:///D:/Office/Sumo/assets/Script/Menu.ts from cce:/internal/x/prerequisite-imports as file:///D:/Office/Sumo/assets/Script/Menu.ts.
debug: Resolve file:///D:/Office/Sumo/assets/Script/MenuController.ts from cce:/internal/x/prerequisite-imports as file:///D:/Office/Sumo/assets/Script/MenuController.ts.
debug: Resolve file:///D:/Office/Sumo/assets/Script/Player.ts from cce:/internal/x/prerequisite-imports as file:///D:/Office/Sumo/assets/Script/Player.ts.
debug: Resolve file:///D:/Office/Sumo/assets/Script/Sumo.ts from cce:/internal/x/prerequisite-imports as file:///D:/Office/Sumo/assets/Script/Sumo.ts.
debug: Detected change: file:///D:/Office/Sumo/assets/Script/GameUIController.ts. Last mtime: Wed Sep 29 2021 14:17:03 GMT+0530 (India Standard Time), Current mtime: Wed Sep 29 2021 14:18:02 GMT+0530 (India Standard Time)
debug: Inspect file:///D:/Office/Sumo/assets/Script/GameUIController.ts
debug: Resolve cc from file:///D:/Office/Sumo/assets/Script/GameUIController.ts as cce:/internal/x/cc.
debug: Resolve cc from file:///D:/Office/Sumo/assets/Script/GameUIController.ts as cce:/internal/x/cc.
debug: Target(preview) ends with cost 109.34539997577667ms.
debug: Dispatch build request for time accumulated 1 asset changes.
debug: Build iteration starts.
Number of accumulated asset changes: 1
Feature changed: false
debug: Target(editor) build started.
debug: Detected change: cce:/internal/x/prerequisite-imports. Last mtime: Thu Jan 01 1970 07:30:16 GMT+0530 (India Standard Time), Current mtime: Thu Jan 01 1970 07:31:07 GMT+0530 (India Standard Time)
debug: Inspect cce:/internal/x/prerequisite-imports
debug: Resolve file:///D:/Office/Sumo/assets/Script/Bot.ts from cce:/internal/x/prerequisite-imports as file:///D:/Office/Sumo/assets/Script/Bot.ts.
debug: Resolve file:///D:/Office/Sumo/assets/Script/GameUIController.ts from cce:/internal/x/prerequisite-imports as file:///D:/Office/Sumo/assets/Script/GameUIController.ts.
debug: Resolve file:///D:/Office/Sumo/assets/Script/MenuController.ts from cce:/internal/x/prerequisite-imports as file:///D:/Office/Sumo/assets/Script/MenuController.ts.
debug: Resolve file:///D:/Office/Sumo/assets/Script/Menu.ts from cce:/internal/x/prerequisite-imports as file:///D:/Office/Sumo/assets/Script/Menu.ts.
debug: Resolve file:///D:/Office/Sumo/assets/Script/Player.ts from cce:/internal/x/prerequisite-imports as file:///D:/Office/Sumo/assets/Script/Player.ts.
debug: Resolve file:///D:/Office/Sumo/assets/Script/Sumo.ts from cce:/internal/x/prerequisite-imports as file:///D:/Office/Sumo/assets/Script/Sumo.ts.
debug: Detected change: file:///D:/Office/Sumo/assets/Script/GameUIController.ts. Last mtime: Wed Sep 29 2021 14:18:02 GMT+0530 (India Standard Time), Current mtime: Wed Sep 29 2021 14:18:56 GMT+0530 (India Standard Time)
debug: Inspect file:///D:/Office/Sumo/assets/Script/GameUIController.ts
debug: Resolve cc from file:///D:/Office/Sumo/assets/Script/GameUIController.ts as cce:/internal/x/cc.
debug: Resolve cc from file:///D:/Office/Sumo/assets/Script/GameUIController.ts as cce:/internal/x/cc.
debug: Target(editor) ends with cost 77.44400000572205ms.
debug: Target(preview) build started.
debug: Detected change: cce:/internal/x/prerequisite-imports. Last mtime: Thu Jan 01 1970 07:30:16 GMT+0530 (India Standard Time), Current mtime: Thu Jan 01 1970 07:31:07 GMT+0530 (India Standard Time)
debug: Inspect cce:/internal/x/prerequisite-imports
debug: Resolve file:///D:/Office/Sumo/assets/Script/Bot.ts from cce:/internal/x/prerequisite-imports as file:///D:/Office/Sumo/assets/Script/Bot.ts.
debug: Resolve file:///D:/Office/Sumo/assets/Script/Menu.ts from cce:/internal/x/prerequisite-imports as file:///D:/Office/Sumo/assets/Script/Menu.ts.
debug: Resolve file:///D:/Office/Sumo/assets/Script/GameUIController.ts from cce:/internal/x/prerequisite-imports as file:///D:/Office/Sumo/assets/Script/GameUIController.ts.
debug: Resolve file:///D:/Office/Sumo/assets/Script/Player.ts from cce:/internal/x/prerequisite-imports as file:///D:/Office/Sumo/assets/Script/Player.ts.
debug: Resolve file:///D:/Office/Sumo/assets/Script/MenuController.ts from cce:/internal/x/prerequisite-imports as file:///D:/Office/Sumo/assets/Script/MenuController.ts.
debug: Resolve file:///D:/Office/Sumo/assets/Script/Sumo.ts from cce:/internal/x/prerequisite-imports as file:///D:/Office/Sumo/assets/Script/Sumo.ts.
debug: Detected change: file:///D:/Office/Sumo/assets/Script/GameUIController.ts. Last mtime: Wed Sep 29 2021 14:18:02 GMT+0530 (India Standard Time), Current mtime: Wed Sep 29 2021 14:18:56 GMT+0530 (India Standard Time)
debug: Inspect file:///D:/Office/Sumo/assets/Script/GameUIController.ts
debug: Resolve cc from file:///D:/Office/Sumo/assets/Script/GameUIController.ts as cce:/internal/x/cc.
debug: Resolve cc from file:///D:/Office/Sumo/assets/Script/GameUIController.ts as cce:/internal/x/cc.
debug: Target(preview) ends with cost 103.62809997797012ms.
debug: Dispatch build request for time accumulated 1 asset changes.
debug: Build iteration starts.
Number of accumulated asset changes: 1
Feature changed: false
debug: Target(editor) build started.
debug: Detected change: cce:/internal/x/prerequisite-imports. Last mtime: Thu Jan 01 1970 07:31:07 GMT+0530 (India Standard Time), Current mtime: Thu Jan 01 1970 07:51:02 GMT+0530 (India Standard Time)
debug: Inspect cce:/internal/x/prerequisite-imports
debug: Resolve file:///D:/Office/Sumo/assets/Script/Bot.ts from cce:/internal/x/prerequisite-imports as file:///D:/Office/Sumo/assets/Script/Bot.ts.
debug: Resolve file:///D:/Office/Sumo/assets/Script/GameUIController.ts from cce:/internal/x/prerequisite-imports as file:///D:/Office/Sumo/assets/Script/GameUIController.ts.
debug: Resolve file:///D:/Office/Sumo/assets/Script/Menu.ts from cce:/internal/x/prerequisite-imports as file:///D:/Office/Sumo/assets/Script/Menu.ts.
debug: Resolve file:///D:/Office/Sumo/assets/Script/MenuController.ts from cce:/internal/x/prerequisite-imports as file:///D:/Office/Sumo/assets/Script/MenuController.ts.
debug: Resolve file:///D:/Office/Sumo/assets/Script/Player.ts from cce:/internal/x/prerequisite-imports as file:///D:/Office/Sumo/assets/Script/Player.ts.
debug: Resolve file:///D:/Office/Sumo/assets/Script/Sumo.ts from cce:/internal/x/prerequisite-imports as file:///D:/Office/Sumo/assets/Script/Sumo.ts.
debug: Detected change: file:///D:/Office/Sumo/assets/Script/GameUIController.ts. Last mtime: Wed Sep 29 2021 14:18:56 GMT+0530 (India Standard Time), Current mtime: Wed Sep 29 2021 14:38:40 GMT+0530 (India Standard Time)
debug: Inspect file:///D:/Office/Sumo/assets/Script/GameUIController.ts
debug: Resolve cc from file:///D:/Office/Sumo/assets/Script/GameUIController.ts as cce:/internal/x/cc.
debug: Resolve cc from file:///D:/Office/Sumo/assets/Script/GameUIController.ts as cce:/internal/x/cc.
debug: Target(editor) ends with cost 76.30939999222755ms.
debug: Target(preview) build started.
debug: Detected change: cce:/internal/x/prerequisite-imports. Last mtime: Thu Jan 01 1970 07:31:07 GMT+0530 (India Standard Time), Current mtime: Thu Jan 01 1970 07:51:02 GMT+0530 (India Standard Time)
debug: Inspect cce:/internal/x/prerequisite-imports
debug: Resolve file:///D:/Office/Sumo/assets/Script/Bot.ts from cce:/internal/x/prerequisite-imports as file:///D:/Office/Sumo/assets/Script/Bot.ts.
debug: Resolve file:///D:/Office/Sumo/assets/Script/GameUIController.ts from cce:/internal/x/prerequisite-imports as file:///D:/Office/Sumo/assets/Script/GameUIController.ts.
debug: Resolve file:///D:/Office/Sumo/assets/Script/Menu.ts from cce:/internal/x/prerequisite-imports as file:///D:/Office/Sumo/assets/Script/Menu.ts.
debug: Resolve file:///D:/Office/Sumo/assets/Script/MenuController.ts from cce:/internal/x/prerequisite-imports as file:///D:/Office/Sumo/assets/Script/MenuController.ts.
debug: Resolve file:///D:/Office/Sumo/assets/Script/Player.ts from cce:/internal/x/prerequisite-imports as file:///D:/Office/Sumo/assets/Script/Player.ts.
debug: Resolve file:///D:/Office/Sumo/assets/Script/Sumo.ts from cce:/internal/x/prerequisite-imports as file:///D:/Office/Sumo/assets/Script/Sumo.ts.
debug: Detected change: file:///D:/Office/Sumo/assets/Script/GameUIController.ts. Last mtime: Wed Sep 29 2021 14:18:56 GMT+0530 (India Standard Time), Current mtime: Wed Sep 29 2021 14:38:40 GMT+0530 (India Standard Time)
debug: Inspect file:///D:/Office/Sumo/assets/Script/GameUIController.ts
debug: Resolve cc from file:///D:/Office/Sumo/assets/Script/GameUIController.ts as cce:/internal/x/cc.
debug: Resolve cc from file:///D:/Office/Sumo/assets/Script/GameUIController.ts as cce:/internal/x/cc.
debug: Target(preview) ends with cost 116.83269998431206ms.
debug: Dispatch build request for time accumulated 1 asset changes.
debug: Build iteration starts.
Number of accumulated asset changes: 1
Feature changed: false
debug: Target(editor) build started.
debug: Detected change: cce:/internal/x/prerequisite-imports. Last mtime: Thu Jan 01 1970 07:51:02 GMT+0530 (India Standard Time), Current mtime: Thu Jan 01 1970 07:51:54 GMT+0530 (India Standard Time)
debug: Inspect cce:/internal/x/prerequisite-imports
debug: Resolve file:///D:/Office/Sumo/assets/Script/Bot.ts from cce:/internal/x/prerequisite-imports as file:///D:/Office/Sumo/assets/Script/Bot.ts.
debug: Resolve file:///D:/Office/Sumo/assets/Script/GameUIController.ts from cce:/internal/x/prerequisite-imports as file:///D:/Office/Sumo/assets/Script/GameUIController.ts.
debug: Resolve file:///D:/Office/Sumo/assets/Script/MenuController.ts from cce:/internal/x/prerequisite-imports as file:///D:/Office/Sumo/assets/Script/MenuController.ts.
debug: Resolve file:///D:/Office/Sumo/assets/Script/Menu.ts from cce:/internal/x/prerequisite-imports as file:///D:/Office/Sumo/assets/Script/Menu.ts.
debug: Resolve file:///D:/Office/Sumo/assets/Script/Player.ts from cce:/internal/x/prerequisite-imports as file:///D:/Office/Sumo/assets/Script/Player.ts.
debug: Resolve file:///D:/Office/Sumo/assets/Script/Sumo.ts from cce:/internal/x/prerequisite-imports as file:///D:/Office/Sumo/assets/Script/Sumo.ts.
debug: Detected change: file:///D:/Office/Sumo/assets/Script/GameUIController.ts. Last mtime: Wed Sep 29 2021 14:38:40 GMT+0530 (India Standard Time), Current mtime: Wed Sep 29 2021 14:39:43 GMT+0530 (India Standard Time)
debug: Inspect file:///D:/Office/Sumo/assets/Script/GameUIController.ts
debug: Resolve cc from file:///D:/Office/Sumo/assets/Script/GameUIController.ts as cce:/internal/x/cc.
debug: Resolve cc from file:///D:/Office/Sumo/assets/Script/GameUIController.ts as cce:/internal/x/cc.
debug: Target(editor) ends with cost 69.93019998073578ms.
debug: Target(preview) build started.
debug: Detected change: cce:/internal/x/prerequisite-imports. Last mtime: Thu Jan 01 1970 07:51:02 GMT+0530 (India Standard Time), Current mtime: Thu Jan 01 1970 07:51:54 GMT+0530 (India Standard Time)
debug: Inspect cce:/internal/x/prerequisite-imports
debug: Resolve file:///D:/Office/Sumo/assets/Script/Bot.ts from cce:/internal/x/prerequisite-imports as file:///D:/Office/Sumo/assets/Script/Bot.ts.
debug: Resolve file:///D:/Office/Sumo/assets/Script/GameUIController.ts from cce:/internal/x/prerequisite-imports as file:///D:/Office/Sumo/assets/Script/GameUIController.ts.
debug: Resolve file:///D:/Office/Sumo/assets/Script/Menu.ts from cce:/internal/x/prerequisite-imports as file:///D:/Office/Sumo/assets/Script/Menu.ts.
debug: Resolve file:///D:/Office/Sumo/assets/Script/MenuController.ts from cce:/internal/x/prerequisite-imports as file:///D:/Office/Sumo/assets/Script/MenuController.ts.
debug: Resolve file:///D:/Office/Sumo/assets/Script/Player.ts from cce:/internal/x/prerequisite-imports as file:///D:/Office/Sumo/assets/Script/Player.ts.
debug: Resolve file:///D:/Office/Sumo/assets/Script/Sumo.ts from cce:/internal/x/prerequisite-imports as file:///D:/Office/Sumo/assets/Script/Sumo.ts.
debug: Detected change: file:///D:/Office/Sumo/assets/Script/GameUIController.ts. Last mtime: Wed Sep 29 2021 14:38:40 GMT+0530 (India Standard Time), Current mtime: Wed Sep 29 2021 14:39:43 GMT+0530 (India Standard Time)
debug: Inspect file:///D:/Office/Sumo/assets/Script/GameUIController.ts
debug: Resolve cc from file:///D:/Office/Sumo/assets/Script/GameUIController.ts as cce:/internal/x/cc.
debug: Resolve cc from file:///D:/Office/Sumo/assets/Script/GameUIController.ts as cce:/internal/x/cc.
debug: Target(preview) ends with cost 94.11669999361038ms.
debug: Dispatch build request for time accumulated 1 asset changes.
debug: Build iteration starts.
Number of accumulated asset changes: 1
Feature changed: false
debug: Target(editor) build started.
debug: Detected change: cce:/internal/x/prerequisite-imports. Last mtime: Thu Jan 01 1970 07:51:54 GMT+0530 (India Standard Time), Current mtime: Thu Jan 01 1970 07:52:28 GMT+0530 (India Standard Time)
debug: Inspect cce:/internal/x/prerequisite-imports
debug: Resolve file:///D:/Office/Sumo/assets/Script/Bot.ts from cce:/internal/x/prerequisite-imports as file:///D:/Office/Sumo/assets/Script/Bot.ts.
debug: Resolve file:///D:/Office/Sumo/assets/Script/GameUIController.ts from cce:/internal/x/prerequisite-imports as file:///D:/Office/Sumo/assets/Script/GameUIController.ts.
debug: Resolve file:///D:/Office/Sumo/assets/Script/Menu.ts from cce:/internal/x/prerequisite-imports as file:///D:/Office/Sumo/assets/Script/Menu.ts.
debug: Resolve file:///D:/Office/Sumo/assets/Script/MenuController.ts from cce:/internal/x/prerequisite-imports as file:///D:/Office/Sumo/assets/Script/MenuController.ts.
debug: Resolve file:///D:/Office/Sumo/assets/Script/Player.ts from cce:/internal/x/prerequisite-imports as file:///D:/Office/Sumo/assets/Script/Player.ts.
debug: Resolve file:///D:/Office/Sumo/assets/Script/Sumo.ts from cce:/internal/x/prerequisite-imports as file:///D:/Office/Sumo/assets/Script/Sumo.ts.
debug: Detected change: file:///D:/Office/Sumo/assets/Script/GameUIController.ts. Last mtime: Wed Sep 29 2021 14:39:43 GMT+0530 (India Standard Time), Current mtime: Wed Sep 29 2021 14:40:14 GMT+0530 (India Standard Time)
debug: Inspect file:///D:/Office/Sumo/assets/Script/GameUIController.ts
debug: Resolve cc from file:///D:/Office/Sumo/assets/Script/GameUIController.ts as cce:/internal/x/cc.
debug: Resolve cc from file:///D:/Office/Sumo/assets/Script/GameUIController.ts as cce:/internal/x/cc.
debug: Target(editor) ends with cost 70.4084999859333ms.
debug: Target(preview) build started.
debug: Detected change: cce:/internal/x/prerequisite-imports. Last mtime: Thu Jan 01 1970 07:51:54 GMT+0530 (India Standard Time), Current mtime: Thu Jan 01 1970 07:52:28 GMT+0530 (India Standard Time)
debug: Inspect cce:/internal/x/prerequisite-imports
debug: Resolve file:///D:/Office/Sumo/assets/Script/Bot.ts from cce:/internal/x/prerequisite-imports as file:///D:/Office/Sumo/assets/Script/Bot.ts.
debug: Resolve file:///D:/Office/Sumo/assets/Script/GameUIController.ts from cce:/internal/x/prerequisite-imports as file:///D:/Office/Sumo/assets/Script/GameUIController.ts.
debug: Resolve file:///D:/Office/Sumo/assets/Script/Menu.ts from cce:/internal/x/prerequisite-imports as file:///D:/Office/Sumo/assets/Script/Menu.ts.
debug: Resolve file:///D:/Office/Sumo/assets/Script/MenuController.ts from cce:/internal/x/prerequisite-imports as file:///D:/Office/Sumo/assets/Script/MenuController.ts.
debug: Resolve file:///D:/Office/Sumo/assets/Script/Player.ts from cce:/internal/x/prerequisite-imports as file:///D:/Office/Sumo/assets/Script/Player.ts.
debug: Resolve file:///D:/Office/Sumo/assets/Script/Sumo.ts from cce:/internal/x/prerequisite-imports as file:///D:/Office/Sumo/assets/Script/Sumo.ts.
debug: Detected change: file:///D:/Office/Sumo/assets/Script/GameUIController.ts. Last mtime: Wed Sep 29 2021 14:39:43 GMT+0530 (India Standard Time), Current mtime: Wed Sep 29 2021 14:40:14 GMT+0530 (India Standard Time)
debug: Inspect file:///D:/Office/Sumo/assets/Script/GameUIController.ts
debug: Resolve cc from file:///D:/Office/Sumo/assets/Script/GameUIController.ts as cce:/internal/x/cc.
debug: Resolve cc from file:///D:/Office/Sumo/assets/Script/GameUIController.ts as cce:/internal/x/cc.
debug: Target(preview) ends with cost 93.87479999661446ms.
debug: Dispatch build request for time accumulated 1 asset changes.
debug: Build iteration starts.
Number of accumulated asset changes: 1
Feature changed: false
debug: Target(editor) build started.
debug: Detected change: cce:/internal/x/prerequisite-imports. Last mtime: Thu Jan 01 1970 07:52:28 GMT+0530 (India Standard Time), Current mtime: Thu Jan 01 1970 07:55:25 GMT+0530 (India Standard Time)
debug: Inspect cce:/internal/x/prerequisite-imports
debug: Resolve file:///D:/Office/Sumo/assets/Script/Bot.ts from cce:/internal/x/prerequisite-imports as file:///D:/Office/Sumo/assets/Script/Bot.ts.
debug: Resolve file:///D:/Office/Sumo/assets/Script/GameUIController.ts from cce:/internal/x/prerequisite-imports as file:///D:/Office/Sumo/assets/Script/GameUIController.ts.
debug: Resolve file:///D:/Office/Sumo/assets/Script/Menu.ts from cce:/internal/x/prerequisite-imports as file:///D:/Office/Sumo/assets/Script/Menu.ts.
debug: Resolve file:///D:/Office/Sumo/assets/Script/MenuController.ts from cce:/internal/x/prerequisite-imports as file:///D:/Office/Sumo/assets/Script/MenuController.ts.
debug: Resolve file:///D:/Office/Sumo/assets/Script/Player.ts from cce:/internal/x/prerequisite-imports as file:///D:/Office/Sumo/assets/Script/Player.ts.
debug: Resolve file:///D:/Office/Sumo/assets/Script/Sumo.ts from cce:/internal/x/prerequisite-imports as file:///D:/Office/Sumo/assets/Script/Sumo.ts.
debug: Detected change: file:///D:/Office/Sumo/assets/Script/GameUIController.ts. Last mtime: Wed Sep 29 2021 14:40:14 GMT+0530 (India Standard Time), Current mtime: Wed Sep 29 2021 14:43:11 GMT+0530 (India Standard Time)
debug: Inspect file:///D:/Office/Sumo/assets/Script/GameUIController.ts
debug: Resolve cc from file:///D:/Office/Sumo/assets/Script/GameUIController.ts as cce:/internal/x/cc.
debug: Resolve cc from file:///D:/Office/Sumo/assets/Script/GameUIController.ts as cce:/internal/x/cc.
debug: Target(editor) ends with cost 64.69699999690056ms.
debug: Target(preview) build started.
debug: Detected change: cce:/internal/x/prerequisite-imports. Last mtime: Thu Jan 01 1970 07:52:28 GMT+0530 (India Standard Time), Current mtime: Thu Jan 01 1970 07:55:25 GMT+0530 (India Standard Time)
debug: Inspect cce:/internal/x/prerequisite-imports
debug: Resolve file:///D:/Office/Sumo/assets/Script/Bot.ts from cce:/internal/x/prerequisite-imports as file:///D:/Office/Sumo/assets/Script/Bot.ts.
debug: Resolve file:///D:/Office/Sumo/assets/Script/GameUIController.ts from cce:/internal/x/prerequisite-imports as file:///D:/Office/Sumo/assets/Script/GameUIController.ts.
debug: Resolve file:///D:/Office/Sumo/assets/Script/Menu.ts from cce:/internal/x/prerequisite-imports as file:///D:/Office/Sumo/assets/Script/Menu.ts.
debug: Resolve file:///D:/Office/Sumo/assets/Script/MenuController.ts from cce:/internal/x/prerequisite-imports as file:///D:/Office/Sumo/assets/Script/MenuController.ts.
debug: Resolve file:///D:/Office/Sumo/assets/Script/Player.ts from cce:/internal/x/prerequisite-imports as file:///D:/Office/Sumo/assets/Script/Player.ts.
debug: Resolve file:///D:/Office/Sumo/assets/Script/Sumo.ts from cce:/internal/x/prerequisite-imports as file:///D:/Office/Sumo/assets/Script/Sumo.ts.
debug: Detected change: file:///D:/Office/Sumo/assets/Script/GameUIController.ts. Last mtime: Wed Sep 29 2021 14:40:14 GMT+0530 (India Standard Time), Current mtime: Wed Sep 29 2021 14:43:11 GMT+0530 (India Standard Time)
debug: Inspect file:///D:/Office/Sumo/assets/Script/GameUIController.ts
debug: Resolve cc from file:///D:/Office/Sumo/assets/Script/GameUIController.ts as cce:/internal/x/cc.
debug: Resolve cc from file:///D:/Office/Sumo/assets/Script/GameUIController.ts as cce:/internal/x/cc.
debug: Target(preview) ends with cost 84.94749999046326ms.
debug: Dispatch build request for time accumulated 1 asset changes.
debug: Build iteration starts.
Number of accumulated asset changes: 1
Feature changed: false
debug: Target(editor) build started.
debug: Detected change: cce:/internal/x/prerequisite-imports. Last mtime: Thu Jan 01 1970 07:55:25 GMT+0530 (India Standard Time), Current mtime: Thu Jan 01 1970 07:55:46 GMT+0530 (India Standard Time)
debug: Inspect cce:/internal/x/prerequisite-imports
debug: Resolve file:///D:/Office/Sumo/assets/Script/Bot.ts from cce:/internal/x/prerequisite-imports as file:///D:/Office/Sumo/assets/Script/Bot.ts.
debug: Resolve file:///D:/Office/Sumo/assets/Script/GameUIController.ts from cce:/internal/x/prerequisite-imports as file:///D:/Office/Sumo/assets/Script/GameUIController.ts.
debug: Resolve file:///D:/Office/Sumo/assets/Script/Menu.ts from cce:/internal/x/prerequisite-imports as file:///D:/Office/Sumo/assets/Script/Menu.ts.
debug: Resolve file:///D:/Office/Sumo/assets/Script/Player.ts from cce:/internal/x/prerequisite-imports as file:///D:/Office/Sumo/assets/Script/Player.ts.
debug: Resolve file:///D:/Office/Sumo/assets/Script/MenuController.ts from cce:/internal/x/prerequisite-imports as file:///D:/Office/Sumo/assets/Script/MenuController.ts.
debug: Resolve file:///D:/Office/Sumo/assets/Script/Sumo.ts from cce:/internal/x/prerequisite-imports as file:///D:/Office/Sumo/assets/Script/Sumo.ts.
debug: Detected change: file:///D:/Office/Sumo/assets/Script/GameUIController.ts. Last mtime: Wed Sep 29 2021 14:43:11 GMT+0530 (India Standard Time), Current mtime: Wed Sep 29 2021 14:43:35 GMT+0530 (India Standard Time)
debug: Inspect file:///D:/Office/Sumo/assets/Script/GameUIController.ts
debug: Resolve cc from file:///D:/Office/Sumo/assets/Script/GameUIController.ts as cce:/internal/x/cc.
debug: Resolve cc from file:///D:/Office/Sumo/assets/Script/GameUIController.ts as cce:/internal/x/cc.
debug: Target(editor) ends with cost 64.15990000963211ms.
debug: Target(preview) build started.
debug: Detected change: cce:/internal/x/prerequisite-imports. Last mtime: Thu Jan 01 1970 07:55:25 GMT+0530 (India Standard Time), Current mtime: Thu Jan 01 1970 07:55:46 GMT+0530 (India Standard Time)
debug: Inspect cce:/internal/x/prerequisite-imports
debug: Resolve file:///D:/Office/Sumo/assets/Script/Bot.ts from cce:/internal/x/prerequisite-imports as file:///D:/Office/Sumo/assets/Script/Bot.ts.
debug: Resolve file:///D:/Office/Sumo/assets/Script/GameUIController.ts from cce:/internal/x/prerequisite-imports as file:///D:/Office/Sumo/assets/Script/GameUIController.ts.
debug: Resolve file:///D:/Office/Sumo/assets/Script/Menu.ts from cce:/internal/x/prerequisite-imports as file:///D:/Office/Sumo/assets/Script/Menu.ts.
debug: Resolve file:///D:/Office/Sumo/assets/Script/MenuController.ts from cce:/internal/x/prerequisite-imports as file:///D:/Office/Sumo/assets/Script/MenuController.ts.
debug: Resolve file:///D:/Office/Sumo/assets/Script/Player.ts from cce:/internal/x/prerequisite-imports as file:///D:/Office/Sumo/assets/Script/Player.ts.
debug: Resolve file:///D:/Office/Sumo/assets/Script/Sumo.ts from cce:/internal/x/prerequisite-imports as file:///D:/Office/Sumo/assets/Script/Sumo.ts.
debug: Detected change: file:///D:/Office/Sumo/assets/Script/GameUIController.ts. Last mtime: Wed Sep 29 2021 14:43:11 GMT+0530 (India Standard Time), Current mtime: Wed Sep 29 2021 14:43:35 GMT+0530 (India Standard Time)
debug: Inspect file:///D:/Office/Sumo/assets/Script/GameUIController.ts
debug: Resolve cc from file:///D:/Office/Sumo/assets/Script/GameUIController.ts as cce:/internal/x/cc.
debug: Resolve cc from file:///D:/Office/Sumo/assets/Script/GameUIController.ts as cce:/internal/x/cc.
debug: Target(preview) ends with cost 92.77880001068115ms.
debug: Dispatch build request for time accumulated 1 asset changes.
debug: Build iteration starts.
Number of accumulated asset changes: 1
Feature changed: false
debug: Target(editor) build started.
debug: Detected change: cce:/internal/x/prerequisite-imports. Last mtime: Thu Jan 01 1970 07:55:46 GMT+0530 (India Standard Time), Current mtime: Thu Jan 01 1970 07:56:41 GMT+0530 (India Standard Time)
debug: Inspect cce:/internal/x/prerequisite-imports
debug: Resolve file:///D:/Office/Sumo/assets/Script/Bot.ts from cce:/internal/x/prerequisite-imports as file:///D:/Office/Sumo/assets/Script/Bot.ts.
debug: Resolve file:///D:/Office/Sumo/assets/Script/GameUIController.ts from cce:/internal/x/prerequisite-imports as file:///D:/Office/Sumo/assets/Script/GameUIController.ts.
debug: Resolve file:///D:/Office/Sumo/assets/Script/Menu.ts from cce:/internal/x/prerequisite-imports as file:///D:/Office/Sumo/assets/Script/Menu.ts.
debug: Resolve file:///D:/Office/Sumo/assets/Script/Player.ts from cce:/internal/x/prerequisite-imports as file:///D:/Office/Sumo/assets/Script/Player.ts.
debug: Resolve file:///D:/Office/Sumo/assets/Script/MenuController.ts from cce:/internal/x/prerequisite-imports as file:///D:/Office/Sumo/assets/Script/MenuController.ts.
debug: Resolve file:///D:/Office/Sumo/assets/Script/Sumo.ts from cce:/internal/x/prerequisite-imports as file:///D:/Office/Sumo/assets/Script/Sumo.ts.
debug: Detected change: file:///D:/Office/Sumo/assets/Script/Player.ts. Last mtime: Wed Sep 29 2021 12:36:58 GMT+0530 (India Standard Time), Current mtime: Wed Sep 29 2021 14:44:30 GMT+0530 (India Standard Time)
debug: Inspect file:///D:/Office/Sumo/assets/Script/Player.ts
debug: Resolve cc from file:///D:/Office/Sumo/assets/Script/Player.ts as cce:/internal/x/cc.
debug: Resolve cc from file:///D:/Office/Sumo/assets/Script/Player.ts as cce:/internal/x/cc.
debug: Target(editor) ends with cost 63.17190000414848ms.
debug: Target(preview) build started.
debug: Detected change: cce:/internal/x/prerequisite-imports. Last mtime: Thu Jan 01 1970 07:55:46 GMT+0530 (India Standard Time), Current mtime: Thu Jan 01 1970 07:56:41 GMT+0530 (India Standard Time)
debug: Inspect cce:/internal/x/prerequisite-imports
debug: Resolve file:///D:/Office/Sumo/assets/Script/Bot.ts from cce:/internal/x/prerequisite-imports as file:///D:/Office/Sumo/assets/Script/Bot.ts.
debug: Resolve file:///D:/Office/Sumo/assets/Script/GameUIController.ts from cce:/internal/x/prerequisite-imports as file:///D:/Office/Sumo/assets/Script/GameUIController.ts.
debug: Resolve file:///D:/Office/Sumo/assets/Script/Menu.ts from cce:/internal/x/prerequisite-imports as file:///D:/Office/Sumo/assets/Script/Menu.ts.
debug: Resolve file:///D:/Office/Sumo/assets/Script/Player.ts from cce:/internal/x/prerequisite-imports as file:///D:/Office/Sumo/assets/Script/Player.ts.
debug: Resolve file:///D:/Office/Sumo/assets/Script/MenuController.ts from cce:/internal/x/prerequisite-imports as file:///D:/Office/Sumo/assets/Script/MenuController.ts.
debug: Resolve file:///D:/Office/Sumo/assets/Script/Sumo.ts from cce:/internal/x/prerequisite-imports as file:///D:/Office/Sumo/assets/Script/Sumo.ts.
debug: Detected change: file:///D:/Office/Sumo/assets/Script/Player.ts. Last mtime: Wed Sep 29 2021 12:36:58 GMT+0530 (India Standard Time), Current mtime: Wed Sep 29 2021 14:44:30 GMT+0530 (India Standard Time)
debug: Inspect file:///D:/Office/Sumo/assets/Script/Player.ts
debug: Resolve cc from file:///D:/Office/Sumo/assets/Script/Player.ts as cce:/internal/x/cc.
debug: Resolve cc from file:///D:/Office/Sumo/assets/Script/Player.ts as cce:/internal/x/cc.
debug: Target(preview) ends with cost 87.87419998645782ms.
debug: Dispatch build request for time accumulated 2 asset changes.
debug: Build iteration starts.
Number of accumulated asset changes: 2
Feature changed: false
debug: Target(editor) build started.
debug: Detected change: cce:/internal/x/prerequisite-imports. Last mtime: Thu Jan 01 1970 07:56:41 GMT+0530 (India Standard Time), Current mtime: Thu Jan 01 1970 08:01:35 GMT+0530 (India Standard Time)
debug: Inspect cce:/internal/x/prerequisite-imports
debug: Resolve file:///D:/Office/Sumo/assets/Script/Bot.ts from cce:/internal/x/prerequisite-imports as file:///D:/Office/Sumo/assets/Script/Bot.ts.
debug: Resolve file:///D:/Office/Sumo/assets/Script/MenuController.ts from cce:/internal/x/prerequisite-imports as file:///D:/Office/Sumo/assets/Script/MenuController.ts.
debug: Resolve file:///D:/Office/Sumo/assets/Script/GameUIController.ts from cce:/internal/x/prerequisite-imports as file:///D:/Office/Sumo/assets/Script/GameUIController.ts.
debug: Resolve file:///D:/Office/Sumo/assets/Script/Menu.ts from cce:/internal/x/prerequisite-imports as file:///D:/Office/Sumo/assets/Script/Menu.ts.
debug: Resolve file:///D:/Office/Sumo/assets/Script/Player.ts from cce:/internal/x/prerequisite-imports as file:///D:/Office/Sumo/assets/Script/Player.ts.
debug: Resolve file:///D:/Office/Sumo/assets/Script/Sumo.ts from cce:/internal/x/prerequisite-imports as file:///D:/Office/Sumo/assets/Script/Sumo.ts.
debug: Detected change: file:///D:/Office/Sumo/assets/Script/GameUIController.ts. Last mtime: Wed Sep 29 2021 14:43:35 GMT+0530 (India Standard Time), Current mtime: Wed Sep 29 2021 14:49:23 GMT+0530 (India Standard Time)
debug: Inspect file:///D:/Office/Sumo/assets/Script/GameUIController.ts
debug: Detected change: file:///D:/Office/Sumo/assets/Script/Player.ts. Last mtime: Wed Sep 29 2021 14:44:30 GMT+0530 (India Standard Time), Current mtime: Wed Sep 29 2021 14:46:12 GMT+0530 (India Standard Time)
debug: Inspect file:///D:/Office/Sumo/assets/Script/Player.ts
debug: Resolve cc from file:///D:/Office/Sumo/assets/Script/GameUIController.ts as cce:/internal/x/cc.
debug: Resolve cc from file:///D:/Office/Sumo/assets/Script/GameUIController.ts as cce:/internal/x/cc.
debug: Resolve cc from file:///D:/Office/Sumo/assets/Script/Player.ts as cce:/internal/x/cc.
debug: Resolve cc from file:///D:/Office/Sumo/assets/Script/Player.ts as cce:/internal/x/cc.
debug: Target(editor) ends with cost 103.0533999800682ms.
debug: Target(preview) build started.
debug: Detected change: cce:/internal/x/prerequisite-imports. Last mtime: Thu Jan 01 1970 07:56:41 GMT+0530 (India Standard Time), Current mtime: Thu Jan 01 1970 08:01:35 GMT+0530 (India Standard Time)
debug: Inspect cce:/internal/x/prerequisite-imports
debug: Resolve file:///D:/Office/Sumo/assets/Script/Bot.ts from cce:/internal/x/prerequisite-imports as file:///D:/Office/Sumo/assets/Script/Bot.ts.
debug: Resolve file:///D:/Office/Sumo/assets/Script/GameUIController.ts from cce:/internal/x/prerequisite-imports as file:///D:/Office/Sumo/assets/Script/GameUIController.ts.
debug: Resolve file:///D:/Office/Sumo/assets/Script/Menu.ts from cce:/internal/x/prerequisite-imports as file:///D:/Office/Sumo/assets/Script/Menu.ts.
debug: Resolve file:///D:/Office/Sumo/assets/Script/MenuController.ts from cce:/internal/x/prerequisite-imports as file:///D:/Office/Sumo/assets/Script/MenuController.ts.
debug: Resolve file:///D:/Office/Sumo/assets/Script/Player.ts from cce:/internal/x/prerequisite-imports as file:///D:/Office/Sumo/assets/Script/Player.ts.
debug: Resolve file:///D:/Office/Sumo/assets/Script/Sumo.ts from cce:/internal/x/prerequisite-imports as file:///D:/Office/Sumo/assets/Script/Sumo.ts.
debug: Detected change: file:///D:/Office/Sumo/assets/Script/GameUIController.ts. Last mtime: Wed Sep 29 2021 14:43:35 GMT+0530 (India Standard Time), Current mtime: Wed Sep 29 2021 14:49:23 GMT+0530 (India Standard Time)
debug: Inspect file:///D:/Office/Sumo/assets/Script/GameUIController.ts
debug: Detected change: file:///D:/Office/Sumo/assets/Script/Player.ts. Last mtime: Wed Sep 29 2021 14:44:30 GMT+0530 (India Standard Time), Current mtime: Wed Sep 29 2021 14:46:12 GMT+0530 (India Standard Time)
debug: Inspect file:///D:/Office/Sumo/assets/Script/Player.ts
debug: Resolve cc from file:///D:/Office/Sumo/assets/Script/Player.ts as cce:/internal/x/cc.
debug: Resolve cc from file:///D:/Office/Sumo/assets/Script/Player.ts as cce:/internal/x/cc.
debug: Resolve cc from file:///D:/Office/Sumo/assets/Script/GameUIController.ts as cce:/internal/x/cc.
debug: Resolve cc from file:///D:/Office/Sumo/assets/Script/GameUIController.ts as cce:/internal/x/cc.
debug: Target(preview) ends with cost 147.57050001621246ms.
debug: Dispatch build request for time accumulated 1 asset changes.
debug: Build iteration starts.
Number of accumulated asset changes: 1
Feature changed: false
debug: Target(editor) build started.
debug: Detected change: cce:/internal/x/prerequisite-imports. Last mtime: Thu Jan 01 1970 08:01:35 GMT+0530 (India Standard Time), Current mtime: Thu Jan 01 1970 08:01:59 GMT+0530 (India Standard Time)
debug: Inspect cce:/internal/x/prerequisite-imports
debug: Resolve file:///D:/Office/Sumo/assets/Script/Bot.ts from cce:/internal/x/prerequisite-imports as file:///D:/Office/Sumo/assets/Script/Bot.ts.
debug: Resolve file:///D:/Office/Sumo/assets/Script/GameUIController.ts from cce:/internal/x/prerequisite-imports as file:///D:/Office/Sumo/assets/Script/GameUIController.ts.
debug: Resolve file:///D:/Office/Sumo/assets/Script/Menu.ts from cce:/internal/x/prerequisite-imports as file:///D:/Office/Sumo/assets/Script/Menu.ts.
debug: Resolve file:///D:/Office/Sumo/assets/Script/MenuController.ts from cce:/internal/x/prerequisite-imports as file:///D:/Office/Sumo/assets/Script/MenuController.ts.
debug: Resolve file:///D:/Office/Sumo/assets/Script/Player.ts from cce:/internal/x/prerequisite-imports as file:///D:/Office/Sumo/assets/Script/Player.ts.
debug: Resolve file:///D:/Office/Sumo/assets/Script/Sumo.ts from cce:/internal/x/prerequisite-imports as file:///D:/Office/Sumo/assets/Script/Sumo.ts.
debug: Detected change: file:///D:/Office/Sumo/assets/Script/GameUIController.ts. Last mtime: Wed Sep 29 2021 14:49:23 GMT+0530 (India Standard Time), Current mtime: Wed Sep 29 2021 14:49:49 GMT+0530 (India Standard Time)
debug: Inspect file:///D:/Office/Sumo/assets/Script/GameUIController.ts
debug: Resolve cc from file:///D:/Office/Sumo/assets/Script/GameUIController.ts as cce:/internal/x/cc.
debug: Resolve cc from file:///D:/Office/Sumo/assets/Script/GameUIController.ts as cce:/internal/x/cc.
debug: Target(editor) ends with cost 68.86079999804497ms.
debug: Target(preview) build started.
debug: Detected change: cce:/internal/x/prerequisite-imports. Last mtime: Thu Jan 01 1970 08:01:35 GMT+0530 (India Standard Time), Current mtime: Thu Jan 01 1970 08:01:59 GMT+0530 (India Standard Time)
debug: Inspect cce:/internal/x/prerequisite-imports
debug: Resolve file:///D:/Office/Sumo/assets/Script/Bot.ts from cce:/internal/x/prerequisite-imports as file:///D:/Office/Sumo/assets/Script/Bot.ts.
debug: Resolve file:///D:/Office/Sumo/assets/Script/GameUIController.ts from cce:/internal/x/prerequisite-imports as file:///D:/Office/Sumo/assets/Script/GameUIController.ts.
debug: Resolve file:///D:/Office/Sumo/assets/Script/Menu.ts from cce:/internal/x/prerequisite-imports as file:///D:/Office/Sumo/assets/Script/Menu.ts.
debug: Resolve file:///D:/Office/Sumo/assets/Script/Player.ts from cce:/internal/x/prerequisite-imports as file:///D:/Office/Sumo/assets/Script/Player.ts.
debug: Resolve file:///D:/Office/Sumo/assets/Script/MenuController.ts from cce:/internal/x/prerequisite-imports as file:///D:/Office/Sumo/assets/Script/MenuController.ts.
debug: Resolve file:///D:/Office/Sumo/assets/Script/Sumo.ts from cce:/internal/x/prerequisite-imports as file:///D:/Office/Sumo/assets/Script/Sumo.ts.
debug: Detected change: file:///D:/Office/Sumo/assets/Script/GameUIController.ts. Last mtime: Wed Sep 29 2021 14:49:23 GMT+0530 (India Standard Time), Current mtime: Wed Sep 29 2021 14:49:49 GMT+0530 (India Standard Time)
debug: Inspect file:///D:/Office/Sumo/assets/Script/GameUIController.ts
debug: Resolve cc from file:///D:/Office/Sumo/assets/Script/GameUIController.ts as cce:/internal/x/cc.
debug: Resolve cc from file:///D:/Office/Sumo/assets/Script/GameUIController.ts as cce:/internal/x/cc.
debug: Target(preview) ends with cost 97.69980001449585ms.
debug: Dispatch build request for time accumulated 1 asset changes.
debug: Build iteration starts.
Number of accumulated asset changes: 1
Feature changed: false
debug: Target(editor) build started.
debug: Detected change: cce:/internal/x/prerequisite-imports. Last mtime: Thu Jan 01 1970 08:01:59 GMT+0530 (India Standard Time), Current mtime: Thu Jan 01 1970 08:06:16 GMT+0530 (India Standard Time)
debug: Inspect cce:/internal/x/prerequisite-imports
debug: Resolve file:///D:/Office/Sumo/assets/Script/Bot.ts from cce:/internal/x/prerequisite-imports as file:///D:/Office/Sumo/assets/Script/Bot.ts.
debug: Resolve file:///D:/Office/Sumo/assets/Script/Menu.ts from cce:/internal/x/prerequisite-imports as file:///D:/Office/Sumo/assets/Script/Menu.ts.
debug: Resolve file:///D:/Office/Sumo/assets/Script/GameUIController.ts from cce:/internal/x/prerequisite-imports as file:///D:/Office/Sumo/assets/Script/GameUIController.ts.
debug: Resolve file:///D:/Office/Sumo/assets/Script/MenuController.ts from cce:/internal/x/prerequisite-imports as file:///D:/Office/Sumo/assets/Script/MenuController.ts.
debug: Resolve file:///D:/Office/Sumo/assets/Script/Player.ts from cce:/internal/x/prerequisite-imports as file:///D:/Office/Sumo/assets/Script/Player.ts.
debug: Resolve file:///D:/Office/Sumo/assets/Script/Sumo.ts from cce:/internal/x/prerequisite-imports as file:///D:/Office/Sumo/assets/Script/Sumo.ts.
debug: Detected change: file:///D:/Office/Sumo/assets/Script/GameUIController.ts. Last mtime: Wed Sep 29 2021 14:49:49 GMT+0530 (India Standard Time), Current mtime: Wed Sep 29 2021 14:54:01 GMT+0530 (India Standard Time)
debug: Inspect file:///D:/Office/Sumo/assets/Script/GameUIController.ts
debug: Resolve cc from file:///D:/Office/Sumo/assets/Script/GameUIController.ts as cce:/internal/x/cc.
debug: Resolve cc from file:///D:/Office/Sumo/assets/Script/GameUIController.ts as cce:/internal/x/cc.
debug: Target(editor) ends with cost 66.12409999966621ms.
debug: Target(preview) build started.
debug: Detected change: cce:/internal/x/prerequisite-imports. Last mtime: Thu Jan 01 1970 08:01:59 GMT+0530 (India Standard Time), Current mtime: Thu Jan 01 1970 08:06:16 GMT+0530 (India Standard Time)
debug: Inspect cce:/internal/x/prerequisite-imports
debug: Resolve file:///D:/Office/Sumo/assets/Script/Bot.ts from cce:/internal/x/prerequisite-imports as file:///D:/Office/Sumo/assets/Script/Bot.ts.
debug: Resolve file:///D:/Office/Sumo/assets/Script/GameUIController.ts from cce:/internal/x/prerequisite-imports as file:///D:/Office/Sumo/assets/Script/GameUIController.ts.
debug: Resolve file:///D:/Office/Sumo/assets/Script/Menu.ts from cce:/internal/x/prerequisite-imports as file:///D:/Office/Sumo/assets/Script/Menu.ts.
debug: Resolve file:///D:/Office/Sumo/assets/Script/MenuController.ts from cce:/internal/x/prerequisite-imports as file:///D:/Office/Sumo/assets/Script/MenuController.ts.
debug: Resolve file:///D:/Office/Sumo/assets/Script/Player.ts from cce:/internal/x/prerequisite-imports as file:///D:/Office/Sumo/assets/Script/Player.ts.
debug: Resolve file:///D:/Office/Sumo/assets/Script/Sumo.ts from cce:/internal/x/prerequisite-imports as file:///D:/Office/Sumo/assets/Script/Sumo.ts.
debug: Detected change: file:///D:/Office/Sumo/assets/Script/GameUIController.ts. Last mtime: Wed Sep 29 2021 14:49:49 GMT+0530 (India Standard Time), Current mtime: Wed Sep 29 2021 14:54:01 GMT+0530 (India Standard Time)
debug: Inspect file:///D:/Office/Sumo/assets/Script/GameUIController.ts
debug: Resolve cc from file:///D:/Office/Sumo/assets/Script/GameUIController.ts as cce:/internal/x/cc.
debug: Resolve cc from file:///D:/Office/Sumo/assets/Script/GameUIController.ts as cce:/internal/x/cc.
debug: Target(preview) ends with cost 91.96540001034737ms.
